\BOOKMARK [1][-]{section.1}{\376\377\000Q\000u\000a\000l\000i\000t\000y\000\040\000c\000o\000n\000t\000r\000o\000l}{}% 1
\BOOKMARK [1][-]{section.2}{\376\377\000C\000e\000l\000l\000\040\000t\000y\000p\000e\000\040\000a\000n\000n\000o\000t\000a\000t\000i\000o\000n}{}% 2
\BOOKMARK [2][-]{subsection.2.1}{\376\377\000S\000c\000a\000t\000t\000e\000r\000\040\000p\000l\000o\000t\000s}{section.2}% 3
\BOOKMARK [2][-]{subsection.2.2}{\376\377\000B\000a\000r\000\040\000p\000l\000o\000t\000s}{section.2}% 4
\BOOKMARK [2][-]{subsection.2.3}{\376\377\000C\000o\000r\000r\000e\000l\000a\000t\000i\000o\000n\000\040\000p\000l\000o\000t\000s}{section.2}% 5
\BOOKMARK [1][-]{section.3}{\376\377\000D\000a\000t\000a\000\040\000i\000n\000t\000e\000g\000r\000a\000t\000i\000o\000n}{}% 6
\BOOKMARK [2][-]{subsection.3.1}{\376\377\000L\000i\000n\000e\000a\000r\000\040\000o\000p\000t\000i\000m\000a\000l\000\040\000t\000r\000a\000n\000s\000p\000o\000r\000t}{section.3}% 7
\BOOKMARK [3][-]{subsubsection.3.1.1}{\376\377\000S\000c\000a\000t\000t\000e\000r\000\040\000p\000l\000o\000t\000s}{subsection.3.1}% 8
\BOOKMARK [3][-]{subsubsection.3.1.2}{\376\377\000C\000o\000r\000r\000e\000l\000a\000t\000i\000o\000n\000\040\000p\000l\000o\000t\000s}{subsection.3.1}% 9
\BOOKMARK [2][-]{subsection.3.2}{\376\377\000S\000u\000p\000e\000r\000v\000i\000s\000e\000d\000\040\000o\000p\000t\000i\000m\000a\000l\000\040\000t\000r\000a\000n\000s\000p\000o\000r\000t}{section.3}% 10
\BOOKMARK [1][-]{section.4}{\376\377\000H\000S\000C\000\040\000s\000c\000o\000r\000e}{}% 11
\BOOKMARK [1][-]{section.5}{\376\377\000T\000r\000a\000j\000e\000c\000t\000o\000r\000y\000\040\000i\000n\000f\000e\000r\000e\000n\000c\000e}{}% 12
\BOOKMARK [2][-]{subsection.5.1}{\376\377\000T\000r\000a\000j\000e\000c\000t\000o\000r\000y\000\040\000i\000n\000\040\000P\000C\000A\000\040\000s\000p\000a\000c\000e}{section.5}% 13
\BOOKMARK [1][-]{section.6}{\376\377\000T\000r\000a\000j\000e\000c\000t\000o\000r\000y\000\040\000a\000n\000a\000l\000y\000s\000i\000s}{}% 14
\BOOKMARK [2][-]{subsection.6.1}{\376\377\000E\000r\000y\000t\000h\000r\000o\000i\000d\000\040\000b\000r\000a\000n\000c\000h}{section.6}% 15
\BOOKMARK [3][-]{subsubsection.6.1.1}{\376\377\000P\000s\000e\000u\000d\000o\000t\000i\000m\000e}{subsection.6.1}% 16
\BOOKMARK [3][-]{subsubsection.6.1.2}{\376\377\000V\000o\000l\000c\000a\000n\000o\000s}{subsection.6.1}% 17
\BOOKMARK [3][-]{subsubsection.6.1.3}{\376\377\000H\000e\000a\000t\000m\000a\000p}{subsection.6.1}% 18
\BOOKMARK [3][-]{subsubsection.6.1.4}{\376\377\000X\000\040\000p\000l\000o\000t\000s}{subsection.6.1}% 19
\BOOKMARK [2][-]{subsection.6.2}{\376\377\000M\000K\000P\000\040\000b\000r\000a\000n\000c\000h}{section.6}% 20
\BOOKMARK [3][-]{subsubsection.6.2.1}{\376\377\000P\000s\000e\000u\000d\000o\000t\000i\000m\000e}{subsection.6.2}% 21
\BOOKMARK [3][-]{subsubsection.6.2.2}{\376\377\000V\000o\000l\000c\000a\000n\000o\000s}{subsection.6.2}% 22
\BOOKMARK [3][-]{subsubsection.6.2.3}{\376\377\000H\000e\000a\000t\000m\000a\000p}{subsection.6.2}% 23
\BOOKMARK [3][-]{subsubsection.6.2.4}{\376\377\000X\000\040\000p\000l\000o\000t\000s}{subsection.6.2}% 24
\BOOKMARK [2][-]{subsection.6.3}{\376\377\000B\000a\000s\000o\000p\000h\000i\000l\000\040\000b\000r\000a\000n\000c\000h}{section.6}% 25
\BOOKMARK [3][-]{subsubsection.6.3.1}{\376\377\000P\000s\000e\000u\000d\000o\000t\000i\000m\000e}{subsection.6.3}% 26
\BOOKMARK [3][-]{subsubsection.6.3.2}{\376\377\000V\000o\000l\000c\000a\000n\000o\000s}{subsection.6.3}% 27
\BOOKMARK [3][-]{subsubsection.6.3.3}{\376\377\000H\000e\000a\000t\000m\000a\000p}{subsection.6.3}% 28
\BOOKMARK [3][-]{subsubsection.6.3.4}{\376\377\000X\000\040\000p\000l\000o\000t\000s}{subsection.6.3}% 29
\BOOKMARK [2][-]{subsection.6.4}{\376\377\000N\000e\000u\000t\000r\000o\000p\000h\000i\000l\000\040\000b\000r\000a\000n\000c\000h}{section.6}% 30
\BOOKMARK [3][-]{subsubsection.6.4.1}{\376\377\000P\000s\000e\000u\000d\000o\000t\000i\000m\000e}{subsection.6.4}% 31
\BOOKMARK [3][-]{subsubsection.6.4.2}{\376\377\000V\000o\000l\000c\000a\000n\000o\000s}{subsection.6.4}% 32
\BOOKMARK [3][-]{sub