This is pdfTeX, Version 3.141592653-2.6-1.40.26 (TeX Live 2024) (preloaded format=pdflatex 2024.3.21)  22 MAR 2024 10:49
entering extended mode
 restricted \write18 enabled.
 file:line:error style messages enabled.
 %&-line parsing enabled.
**/home/jbac/Documents/git/STREAM2_tutorials/manuscript_notebooks/latex/supplementary.tex
(/home/jbac/Documents/git/STREAM2_tutorials/manuscript_notebooks/latex/supplementary.tex
LaTeX2e <2023-11-01> patch level 1
L3 programming layer <2024-03-14>
(/usr/local/texlive/2024/texmf-dist/tex/latex/base/article.cls
Document Class: article 2023/05/17 v1.4n Standard LaTeX document class
(/usr/local/texlive/2024/texmf-dist/tex/latex/base/size10.clo
File: size10.clo 2023/05/17 v1.4n Standard LaTeX file (size option)
)
\c@part=\count188
\c@section=\count189
\c@subsection=\count190
\c@subsubsection=\count191
\c@paragraph=\count192
\c@subparagraph=\count193
\c@figure=\count194
\c@table=\count195
\abovecaptionskip=\skip48
\belowcaptionskip=\skip49
\bibindent=\dimen140
) (/usr/local/texlive/2024/texmf-dist/tex/latex/placeins/placeins.sty
Package: placeins 2005/04/18  v 2.2
) (/usr/local/texlive/2024/texmf-dist/tex/latex/graphics/graphics.sty
Package: graphics 2022/03/10 v1.4e Standard LaTeX Graphics (DPC,SPQR)
 (/usr/local/texlive/2024/texmf-dist/tex/latex/graphics/trig.sty
Package: trig 2021/08/11 v1.11 sin cos tan (DPC)
) (/usr/local/texlive/2024/texmf-dist/tex/latex/graphics-cfg/graphics.cfg
File: graphics.cfg 2016/06/04 v1.11 sample graphics configuration
)
Package graphics Info: Driver file: pdftex.def on input line 107.
 (/usr/local/texlive/2024/texmf-dist/tex/latex/graphics-def/pdftex.def
File: pdftex.def 2022/09/22 v1.2b Graphics/color driver for pdftex
)) (/usr/local/texlive/2024/texmf-dist/tex/latex/xcolor/xcolor.sty
Package: xcolor 2023/11/15 v3.01 LaTeX color extensions (UK)
 (/usr/local/texlive/2024/texmf-dist/tex/latex/graphics-cfg/color.cfg
File: color.cfg 2016/01/02 v1.6 sample color configuration
)
Package xcolor Info: Driver file: pdftex.def on input line 274.
 (/usr/local/texlive/2024/texmf-dist/tex/latex/graphics/mathcolor.ltx)
Package xcolor Info: Model `cmy' substituted by `cmy0' on input line 1350.
Package xcolor Info: Model `hsb' substituted by `rgb' on input line 1354.
Package xcolor Info: Model `RGB' extended on input line 1366.
Package xcolor Info: Model `HTML' substituted by `rgb' on input line 1368.
Package xcolor Info: Model `Hsb' substituted by `hsb' on input line 1369.
Package xcolor Info: Model `tHsb' substituted by `hsb' on input line 1370.
Package xcolor Info: Model `HSB' substituted by `hsb' on input line 1371.
Package xcolor Info: Model `Gray' substituted by `gray' on input line 1372.
Package xcolor Info: Model `wave' substituted by `hsb' on input line 1373.
) (/usr/local/texlive/2024/texmf-dist/tex/latex/graphics/dvipsnam.def
File: dvipsnam.def 2016/06/17 v3.0m Driver-dependent file (DPC,SPQR)
) (/usr/local/texlive/2024/texmf-dist/tex/latex/natbib/natbib.sty
Package: natbib 2010/09/13 8.31b (PWD, AO)
\bibhang=\skip50
\bibsep=\skip51
LaTeX Info: Redefining \cite on input line 694.
\c@NAT@ctr=\count196
) (/usr/local/texlive/2024/texmf-dist/tex/latex/graphics/graphicx.sty
Package: graphicx 2021/09/16 v1.2d Enhanced LaTeX Graphics (DPC,SPQR)
 (/usr/local/texlive/2024/texmf-dist/tex/latex/graphics/keyval.sty
Package: keyval 2022/05/29 v1.15 key=value parser (DPC)
\KV@toks@=\toks17
)
\Gin@req@height=\dimen141
\Gin@req@width=\dimen142
) (/usr/local/texlive/2024/texmf-dist/tex/latex/float/float.sty
Package: float 2001/11/08 v1.3d Float enhancements (AL)
\c@float@type=\count197
\float@exts=\toks18
\float@box=\box51
\@float@everytoks=\toks19
\@floatcapt=\box52
) (/usr/local/texlive/2024/texmf-dist/tex/latex/url/url.sty
\Urlmuskip=\muskip16
Package: url 2013/09/16  ver 3.4  Verb mode for urls, etc.
) (/usr/local/texlive/2024/texmf-dist/tex/latex/subfig/subfig.sty
Package: subfig 2005/06/28 ver: 1.3 subfig package
 (/usr/local/texlive/2024/texmf-dist/tex/latex/caption/caption.sty
Package: caption 2023/08/05 v3.6o Customizing captions (AR)
 (/usr/local/texlive/2024/texmf-dist/tex/latex/caption/caption3.sty
Package: caption3 2023/07/31 v2.4d caption3 kernel (AR)
\caption@tempdima=\dimen143
\captionmargin=\dimen144
\caption@leftmargin=\dimen145
\caption@rightmargin=\dimen146
\caption@width=\dimen147
\caption@indent=\dimen148
\caption@parindent=\dimen149
\caption@hangindent=\dimen150
Package caption Info: Standard document class detected.
)
\c@caption@flags=\count198
\c@continuedfloat=\count199
Package caption Info: float package is loaded.
)
\c@KVtest=\count266
\sf@farskip=\skip52
\sf@captopadj=\dimen151
\sf@capskip=\skip53
\sf@nearskip=\skip54
\c@subfigure=\count267
\c@subfigure@save=\count268
\c@lofdepth=\count269
\c@subtable=\count270
\c@subtable@save=\count271
\c@lotdepth=\count272
\sf@top=\skip55
\sf@bottom=\skip56
) (/usr/local/texlive/2024/texmf-dist/tex/latex/hyperref/hyperref.sty
Package: hyperref 2024-01-20 v7.01h Hypertext links for LaTeX
 (/usr/local/texlive/2024/texmf-dist/tex/generic/iftex/iftex.sty
Package: iftex 2022/02/03 v1.0f TeX engine tests
) (/usr/local/texlive/2024/texmf-dist/tex/latex/kvsetkeys/kvsetkeys.sty
Package: kvsetkeys 2022-10-05 v1.19 Key value parser (HO)
) (/usr/local/texlive/2024/texmf-dist/tex/generic/kvdefinekeys/kvdefinekeys.sty
Package: kvdefinekeys 2019-12-19 v1.6 Define keys (HO)
) (/usr/local/texlive/2024/texmf-dist/tex/generic/pdfescape/pdfescape.sty
Package: pdfescape 2019/12/09 v1.15 Implements pdfTeX's escape features (HO)
 (/usr/local/texlive/2024/texmf-dist/tex/generic/ltxcmds/ltxcmds.sty
Package: ltxcmds 2023-12-04 v1.26 LaTeX kernel commands for general use (HO)
) (/usr/local/texlive/2024/texmf-dist/tex/generic/pdftexcmds/pdftexcmds.sty
Package: pdftexcmds 2020-06-27 v0.33 Utility functions of pdfTeX for LuaTeX (HO)
 (/usr/local/texlive/2024/texmf-dist/tex/generic/infwarerr/infwarerr.sty
Package: infwarerr 2019/12/03 v1.5 Providing info/warning/error messages (HO)
)
Package pdftexcmds Info: \pdf@primitive is available.
Package pdftexcmds Info: \pdf@ifprimitive is available.
Package pdftexcmds Info: \pdfdraftmode found.
)) (/usr/local/texlive/2024/texmf-dist/tex/latex/hycolor/hycolor.sty
Package: hycolor 2020-01-27 v1.10 Color options for hyperref/bookmark (HO)
) (/usr/local/texlive/2024/texmf-dist/tex/latex/auxhook/auxhook.sty
Package: auxhook 2019-12-17 v1.6 Hooks for auxiliary files (HO)
) (/usr/local/texlive/2024/texmf-dist/tex/latex/hyperref/nameref.sty
Package: nameref 2023-11-26 v2.56 Cross-referencing by name of section
 (/usr/local/texlive/2024/texmf-dist/tex/latex/refcount/refcount.sty
Package: refcount 2019/12/15 v3.6 Data extraction from label references (HO)
) (/usr/local/texlive/2024/texmf-dist/tex/generic/gettitlestring/gettitlestring.sty
Package: gettitlestring 2019/12/15 v1.6 Cleanup title references (HO)
 (/usr/local/texlive/2024/texmf-dist/tex/latex/kvoptions/kvoptions.sty
Package: kvoptions 2022-06-15 v3.15 Key value format for package options (HO)
))
\c@section@level=\count273
) (/usr/local/texlive/2024/texmf-dist/tex/latex/etoolbox/etoolbox.sty
Package: etoolbox 2020/10/05 v2.5k e-TeX tools for LaTeX (JAW)
\etb@tempcnta=\count274
)
\@linkdim=\dimen152
\Hy@linkcounter=\count275
\Hy@pagecounter=\count276
 (/usr/local/texlive/2024/texmf-dist/tex/latex/hyperref/pd1enc.def
File: pd1enc.def 2024-01-20 v7.01h Hyperref: PDFDocEncoding definition (HO)
Now handling font encoding PD1 ...
... no UTF-8 mapping file for font encoding PD1
) (/usr/local/texlive/2024/texmf-dist/tex/generic/intcalc/intcalc.sty
Package: intcalc 2019/12/15 v1.3 Expandable calculations with integers (HO)
)
\Hy@SavedSpaceFactor=\count277
 (/usr/local/texlive/2024/texmf-dist/tex/latex/hyperref/puenc.def
File: puenc.def 2024-01-20 v7.01h Hyperref: PDF Unicode definition (HO)
Now handling font encoding PU ...
... no UTF-8 mapping file for font encoding PU
)
Package hyperref Info: Hyper figures OFF on input line 4179.
Package hyperref Info: Link nesting OFF on input line 4184.
Package hyperref Info: Hyper index ON on input line 4187.
Package hyperref Info: Plain pages OFF on input line 4194.
Package hyperref Info: Backreferencing OFF on input line 4199.
Package hyperref Info: Implicit mode ON; LaTeX internals redefined.
Package hyperref Info: Bookmarks ON on input line 4446.
\c@Hy@tempcnt=\count278
LaTeX Info: Redefining \url on input line 4784.
\XeTeXLinkMargin=\dimen153
 (/usr/local/texlive/2024/texmf-dist/tex/generic/bitset/bitset.sty
Package: bitset 2019/12/09 v1.3 Handle bit-vector datatype (HO)
 (/usr/local/texlive/2024/texmf-dist/tex/generic/bigintcalc/bigintcalc.sty
Package: bigintcalc 2019/12/15 v1.5 Expandable calculations on big integers (HO)
))
\Fld@menulength=\count279
\Field@Width=\dimen154
\Fld@charsize=\dimen155
Package hyperref Info: Hyper figures OFF on input line 6063.
Package hyperref Info: Link nesting OFF on input line 6068.
Package hyperref Info: Hyper index ON on input line 6071.
Package hyperref Info: backreferencing OFF on input line 6078.
Package hyperref Info: Link coloring OFF on input line 6083.
Package hyperref Info: Link coloring with OCG OFF on input line 6088.
Package hyperref Info: PDF/A mode OFF on input line 6093.
 (/usr/local/texlive/2024/texmf-dist/tex/latex/base/atbegshi-ltx.sty
Package: atbegshi-ltx 2021/01/10 v1.0c Emulation of the original atbegshi
package with kernel methods
)
\Hy@abspage=\count280
\c@Item=\count281
\c@Hfootnote=\count282
)
Package hyperref Info: Driver (autodetected): hpdftex.
 (/usr/local/texlive/2024/texmf-dist/tex/latex/hyperref/hpdftex.def
File: hpdftex.def 2024-01-20 v7.01h Hyperref driver for pdfTeX
 (/usr/local/texlive/2024/texmf-dist/tex/latex/base/atveryend-ltx.sty
Package: atveryend-ltx 2020/08/19 v1.0a Emulation of the original atveryend package
with kernel methods
)
\Fld@listcount=\count283
\c@bookmark@seq@number=\count284
 (/usr/local/texlive/2024/texmf-dist/tex/latex/rerunfilecheck/rerunfilecheck.sty
Package: rerunfilecheck 2022-07-10 v1.10 Rerun checks for auxiliary files (HO)
 (/usr/local/texlive/2024/texmf-dist/tex/generic/uniquecounter/uniquecounter.sty
Package: uniquecounter 2019/12/15 v1.4 Provide unlimited unique counter (HO)
)
Package uniquecounter Info: New unique counter `rerunfilecheck' on input line 285.
)
\Hy@SectionHShift=\skip57
)
Package hyperref Info: Option `colorlinks' set `true' on input line 19.
 (/usr/local/texlive/2024/texmf-dist/tex/latex/l3backend/l3backend-pdftex.def
File: l3backend-pdftex.def 2024-03-14 L3 backend support: PDF output (pdfTeX)
\l__color_backend_stack_int=\count285
\l__pdf_internal_box=\box53
) (./supplementary.aux)
\openout1 = `supplementary.aux'.

LaTeX Font Info:    Checking defaults for OML/cmm/m/it on input line 22.
LaTeX Font Info:    ... okay on input line 22.
LaTeX Font Info:    Checking defaults for OMS/cmsy/m/n on input line 22.
LaTeX Font Info:    ... okay on input line 22.
LaTeX Font Info:    Checking defaults for OT1/cmr/m/n on input line 22.
LaTeX Font Info:    ... okay on input line 22.
LaTeX Font Info:    Checking defaults for T1/cmr/m/n on input line 22.
LaTeX Font Info:    ... okay on input line 22.
LaTeX Font Info:    Checking defaults for TS1/cmr/m/n on input line 22.
LaTeX Font Info:    ... okay on input line 22.
LaTeX Font Info:    Checking defaults for OMX/cmex/m/n on input line 22.
LaTeX Font Info:    ... okay on input line 22.
LaTeX Font Info:    Checking defaults for U/cmr/m/n on input line 22.
LaTeX Font Info:    ... okay on input line 22.
LaTeX Font Info:    Checking defaults for PD1/pdf/m/n on input line 22.
LaTeX Font Info:    ... okay on input line 22.
LaTeX Font Info:    Checking defaults for PU/pdf/m/n on input line 22.
LaTeX Font Info:    ... okay on input line 22.
 (/usr/local/texlive/2024/texmf-dist/tex/context/base/mkii/supp-pdf.mkii
[Loading MPS to PDF converter (version 2006.09.02).]
\scratchcounter=\count286
\scratchdimen=\dimen156
\scratchbox=\box54
\nofMPsegments=\count287
\nofMParguments=\count288
\everyMPshowfont=\toks20
\MPscratchCnt=\count289
\MPscratchDim=\dimen157
\MPnumerator=\count290
\makeMPintoPDFobject=\count291
\everyMPtoPDFconversion=\toks21
) (/usr/local/texlive/2024/texmf-dist/tex/latex/epstopdf-pkg/epstopdf-base.sty
Package: epstopdf-base 2020-01-24 v2.11 Base part for package epstopdf
Package epstopdf-base Info: Redefining graphics rule for `.eps' on input line 485.
 (/usr/local/texlive/2024/texmf-dist/tex/latex/latexconfig/epstopdf-sys.cfg
File: epstopdf-sys.cfg 2010/07/13 v1.3 Configuration of (r)epstopdf for TeX Live
))
Package caption Info: Begin \AtBeginDocument code.
Package caption Info: subfig package v1.3 is loaded.
Package caption Info: hyperref package is loaded.
Package caption Info: End \AtBeginDocument code.
Package hyperref Info: Link coloring ON on input line 22.
 (./supplementary.out) (./supplementary.out)
\@outlinefile=\write3
\openout3 = `supplementary.out'.

 (./supplementary.toc
LaTeX Font Info:    External font `cmex10' loaded for size
(Font)              <7> on input line 2.
LaTeX Font Info:    External font `cmex10' loaded for size
(Font)              <5> on input line 2.
)
\tf@toc=\write4
\openout4 = `supplementary.toc'.

<../figures/hematopoiesis/label.png, id=69, 859.0494pt x 569.7285pt>
File: ../figures/hematopoiesis/label.png Graphic file (type png)
<use ../figures/hematopoiesis/label.png>
Package pdftex.def Info: ../figures/hematopoiesis/label.png  used on input line 34.
(pdftex.def)             Requested size: 345.0pt x 228.80885pt.
<../figures/hematopoiesis/leiden_identity_simple2.png, id=71, 859.2903pt x 569.7285pt>
File: ../figures/hematopoiesis/leiden_identity_simple2.png Graphic file (type png)
<use ../figures/hematopoiesis/leiden_identity_simple2.png>
Package pdftex.def Info: ../figures/hematopoiesis/leiden_identity_simple2.png  used on input line 40.
(pdftex.def)             Requested size: 345.0pt x 228.7393pt.
<../figures/hematopoiesis/leiden_identity.png, id=72, 858.8085pt x 569.7285pt>
File: ../figures/hematopoiesis/leiden_identity.png Graphic file (type png)
<use ../figures/hematopoiesis/leiden_identity.png>
Package pdftex.def Info: ../figures/hematopoiesis/leiden_identity.png  used on input line 46.
(pdftex.def)             Requested size: 345.0pt x 228.8697pt.
 [1

{/usr/local/texlive/2024/texmf-var/fonts/map/pdftex/updmap/pdftex.map} <../figures/hematopoiesis/label.png>]
<../figures/hematopoiesis/label_proportions.png, id=84, 1076.3412pt x 570.933pt>
File: ../figures/hematopoiesis/label_proportions.png Graphic file (type png)
<use ../figures/hematopoiesis/label_proportions.png>
Package pdftex.def Info: ../figures/hematopoiesis/label_proportions.png  used on input line 55.
(pdftex.def)             Requested size: 345.0pt x 182.99849pt.
<../figures/hematopoiesis/leiden_identity_simple2_proportions.png, id=85, 1076.823pt x 570.933pt>
File: ../figures/hematopoiesis/leiden_identity_simple2_proportions.png Graphic file (type png)
<use ../figures/hematopoiesis/leiden_identity_simple2_proportions.png>
Package pdftex.def Info: ../figures/hematopoiesis/leiden_identity_simple2_proportions.png  used on input line 61.
(pdftex.def)             Requested size: 345.0pt x 182.92007pt.
<../figures/hematopoiesis/leiden_identity_proportions.png, id=86, 1076.3412pt x 570.933pt>
File: ../figures/hematopoiesis/leiden_identity_proportions.png Graphic file (type png)
<use ../figures/hematopoiesis/leiden_identity_proportions.png>
Package pdftex.def Info: ../figures/hematopoiesis/leiden_identity_proportions.png  used on input line 67.
(pdftex.def)             Requested size: 345.0pt x 182.99849pt.
 [2 <../figures/hematopoiesis/leiden_identity_simple2.png> <../figures/hematopoiesis/leiden_identity.png>] [3 <../figures/hematopoiesis/label_proportions.png> <../figures/hematopoiesis/leiden_identity_simple2_proportions.png>] [4 <../figures/hematopoiesis/leiden_identity_proportions.png>]
<../figures/hematopoiesis/correlation_matrix_leiden_identity_simple2_adata_RNA_CD.png, id=109, 489.9906pt x 393.8715pt>
File: ../figures/hematopoiesis/correlation_matrix_leiden_identity_simple2_adata_RNA_CD.png Graphic file (type png)
<use ../figures/hematopoiesis/correlation_matrix_leiden_identity_simple2_adata_RNA_CD.png>
Package pdftex.def Info: ../figures/hematopoiesis/correlation_matrix_leiden_identity_simple2_adata_RNA_CD.png  used on input line 78.
(pdftex.def)             Requested size: 172.5pt x 138.66241pt.
<../figures/hematopoiesis/correlation_matrix_leiden_identity_simple2_adata_RNA_days.png, id=110, 557.2017pt x 460.3599pt>
File: ../figures/hematopoiesis/correlation_matrix_leiden_identity_simple2_adata_RNA_days.png Graphic file (type png)
<use ../figures/hematopoiesis/correlation_matrix_leiden_identity_simple2_adata_RNA_days.png>
Package pdftex.def Info: ../figures/hematopoiesis/correlation_matrix_leiden_identity_simple2_adata_RNA_days.png  used on input line 81.
(pdftex.def)             Requested size: 172.5pt x 142.52042pt.
<../figures/hematopoiesis/correlation_matrix_leiden_identity_simple2_adata_ATAC_CD.png, id=111, 489.9906pt x 393.8715pt>
File: ../figures/hematopoiesis/correlation_matrix_leiden_identity_simple2_adata_ATAC_CD.png Graphic file (type png)
<use ../figures/hematopoiesis/correlation_matrix_leiden_identity_simple2_adata_ATAC_CD.png>
Package pdftex.def Info: ../figures/hematopoiesis/correlation_matrix_leiden_identity_simple2_adata_ATAC_CD.png  used on input line 85.
(pdftex.def)             Requested size: 172.5pt x 138.66241pt.
<../figures/hematopoiesis/correlation_matrix_leiden_identity_simple2_adata_ATAC_days.png, id=112, 489.9906pt x 393.8715pt>
File: ../figures/hematopoiesis/correlation_matrix_leiden_identity_simple2_adata_ATAC_days.png Graphic file (type png)
<use ../figures/hematopoiesis/correlation_matrix_leiden_identity_simple2_adata_ATAC_days.png>
Package pdftex.def Info: ../figures/hematopoiesis/correlation_matrix_leiden_identity_simple2_adata_ATAC_days.png  used on input line 88.
(pdftex.def)             Requested size: 172.5pt x 138.66241pt.

Overfull \hbox (13.33331pt too wide) in paragraph at lines 78--89
 [][][][] 
 []


Overfull \hbox (13.33331pt too wide) in paragraph at lines 78--89
 [][][][] 
 []

<../figures/hematopoiesis/assays_RNA_days_subspace.png, id=113, 1191.0096pt x 353.1594pt>
File: ../figures/hematopoiesis/assays_RNA_days_subspace.png Graphic file (type png)
<use ../figures/hematopoiesis/assays_RNA_days_subspace.png>
Package pdftex.def Info: ../figures/hematopoiesis/assays_RNA_days_subspace.png  used on input line 100.
(pdftex.def)             Requested size: 345.0pt x 102.29503pt.
<../figures/hematopoiesis/assays_RNA_days_subspace_aligned.png, id=114, 589.9641pt x 1075.6185pt>
File: ../figures/hematopoiesis/assays_RNA_days_subspace_aligned.png Graphic file (type png)
<use ../figures/hematopoiesis/assays_RNA_days_subspace_aligned.png>
Package pdftex.def Info: ../figures/hematopoiesis/assays_RNA_days_subspace_aligned.png  used on input line 106.
(pdftex.def)             Requested size: 345.0pt x 629.01273pt.

LaTeX Warning: Float too large for page by 65.01273pt on input line 108.

<../figures/hematopoiesis/assays_RNA_days_subspace_aligned_Intersection_of_expressed_genes_leiden_identity_simple2.png, id=115, 1076.1003pt x 713.5458pt>
File: ../figures/hematopoiesis/assays_RNA_days_subspace_aligned_Intersection_of_expressed_genes_leiden_identity_simple2.png Graphic file (type png)
<use ../figures/hematopoiesis/assays_RNA_days_subspace_aligned_Intersection_of_expressed_genes_leiden_identity_simple2.png>
Package pdftex.def Info: ../figures/hematopoiesis/assays_RNA_days_subspace_aligned_Intersection_of_expressed_genes_leiden_identity_simple2.png  used on input line 112.
(pdftex.def)             Requested size: 345.0pt x 228.76395pt.
<../figures/hematopoiesis/assays_RNA_days_subspace_aligned_Union_of_variable_genes_leiden_identity_simple2.png, id=116, 1076.1003pt x 713.5458pt>
File: ../figures/hematopoiesis/assays_RNA_days_subspace_aligned_Union_of_variable_genes_leiden_identity_simple2.png Graphic file (type png)
<use ../figures/hematopoiesis/assays_RNA_days_subspace_aligned_Union_of_variable_genes_leiden_identity_simple2.png>
Package pdftex.def Info: ../figures/hematopoiesis/assays_RNA_days_subspace_aligned_Union_of_variable_genes_leiden_identity_simple2.png  used on input line 118.
(pdftex.def)             Requested size: 345.0pt x 228.76395pt.
<../figures/hematopoiesis/assays_RNA_days_subspace_aligned_Intersection_of_variable_genes_leiden_identity_simple2.png, id=117, 1076.1003pt x 713.5458pt>
File: ../figures/hematopoiesis/assays_RNA_days_subspace_aligned_Intersection_of_variable_genes_leiden_identity_simple2.png Graphic file (type png)
<use ../figures/hematopoiesis/assays_RNA_days_subspace_aligned_Intersection_of_variable_genes_leiden_identity_simple2.png>
Package pdftex.def Info: ../figures/hematopoiesis/assays_RNA_days_subspace_aligned_Intersection_of_variable_genes_leiden_identity_simple2.png  used on input line 124.
(pdftex.def)             Requested size: 345.0pt x 228.76395pt.
[5

 <../figures/hematopoiesis/correlation_matrix_leiden_identity_simple2_adata_RNA_CD.png> <../figures/hematopoiesis/correlation_matrix_leiden_identity_simple2_adata_RNA_days.png> <../figures/hematopoiesis/correlation_matrix_leiden_identity_simple2_adata_ATAC_CD.png> <../figures/hematopoiesis/correlation_matrix_leiden_identity_simple2_adata_ATAC_days.png>] [6 <../figures/hematopoiesis/assays_RNA_days_subspace.png>] [7 <../figures/hematopoiesis/assays_RNA_days_subspace_aligned.png>] [8 <../figures/hematopoiesis/assays_RNA_days_subspace_aligned_Intersection_of_expressed_genes_leiden_identity_simple2.png> <../figures/hematopoiesis/assays_RNA_days_subspace_aligned_Union_of_variable_genes_leiden_identity_simple2.png>] [9 <../figures/hematopoiesis/assays_RNA_days_subspace_aligned_Intersection_of_variable_genes_leiden_identity_simple2.png>]
<../figures/hematopoiesis/assays_X_pca_target_leiden_identity_simple2.png, id=159, 933.0057pt x 598.6365pt>
File: ../figures/hematopoiesis/assays_X_pca_target_leiden_identity_simple2.png Graphic file (type png)
<use ../figures/hematopoiesis/assays_X_pca_target_leiden_identity_simple2.png>
Package pdftex.def Info: ../figures/hematopoiesis/assays_X_pca_target_leiden_identity_simple2.png  used on input line 133.
(pdftex.def)             Requested size: 345.0pt x 221.35501pt.
File: ../figures/hematopoiesis/assays_X_pca_target_leiden_identity_simple2.png Graphic file (type png)
<use ../figures/hematopoiesis/assays_X_pca_target_leiden_identity_simple2.png>
Package pdftex.def Info: ../figures/hematopoiesis/assays_X_pca_target_leiden_identity_simple2.png  used on input line 139.
(pdftex.def)             Requested size: 345.0pt x 221.35501pt.
<../figures/hematopoiesis/assays_X_pca_transp_leiden_identity_simple2.png, id=160, 933.0057pt x 598.6365pt>
File: ../figures/hematopoiesis/assays_X_pca_transp_leiden_identity_simple2.png Graphic file (type png)
<use ../figures/hematopoiesis/assays_X_pca_transp_leiden_identity_simple2.png>
Package pdftex.def Info: ../figures/hematopoiesis/assays_X_pca_transp_leiden_identity_simple2.png  used on input line 145.
(pdftex.def)             Requested size: 345.0pt x 221.35501pt.
 [10

 <../figures/hematopoiesis/assays_X_pca_target_leiden_identity_simple2.png>]
<../figures/hematopoiesis/integration_supervision.png, id=168, 456.7464pt x 386.6445pt>
File: ../figures/hematopoiesis/integration_supervision.png Graphic file (type png)
<use ../figures/hematopoiesis/integration_supervision.png>
Package pdftex.def Info: ../figures/hematopoiesis/integration_supervision.png  used on input line 164.
(pdftex.def)             Requested size: 172.5pt x 146.02377pt.
 [11{/usr/local/texlive/2024/texmf-dist/fonts/enc/dvips/cm-super/cm-super-ts1.enc} <../figures/hematopoiesis/assays_X_pca_transp_leiden_identity_simple2.png>]
<../figures/hematopoiesis/integrated_hsc_score.png, id=177, 589.7232pt x 480.1137pt>
File: ../figures/hematopoiesis/integrated_hsc_score.png Graphic file (type png)
<use ../figures/hematopoiesis/integrated_hsc_score.png>
Package pdftex.def Info: ../figures/hematopoiesis/integrated_hsc_score.png  used on input line 174.
(pdftex.def)             Requested size: 172.5pt x 140.43817pt.
<../figures/hematopoiesis/PC_pairwise_trajectory.png, id=178, 1170.0513pt x 1170.0513pt>
File: ../figures/hematopoiesis/PC_pairwise_trajectory.png Graphic file (type png)
<use ../figures/hematopoiesis/PC_pairwise_trajectory.png>
Package pdftex.def Info: ../figures/hematopoiesis/PC_pairwise_trajectory.png  used on input line 187.
(pdftex.def)             Requested size: 172.5pt x 172.48288pt.
 [12 <../figures/hematopoiesis/integration_supervision.png> <../figures/hematopoiesis/integrated_hsc_score.png>]
<../figures/hematopoiesis/Erythroid_40_103_smooth_X_plot.png, id=187, 1448.7726pt x 1414.5648pt>
File: ../figures/hematopoiesis/Erythroid_40_103_smooth_X_plot.png Graphic file (type png)
<use ../figures/hematopoiesis/Erythroid_40_103_smooth_X_plot.png>
Package pdftex.def Info: ../figures/hematopoiesis/Erythroid_40_103_smooth_X_plot.png  used on input line 198.
(pdftex.def)             Requested size: 172.5pt x 168.4238pt.
<../figures/hematopoiesis/Erythroid_40_103_smooth_X_plot_grouped_assays.png, id=188, 1274.361pt x 1245.6939pt>
File: ../figures/hematopoiesis/Erythroid_40_103_smooth_X_plot_grouped_assays.png Graphic file (type png)
<use ../figures/hematopoiesis/Erythroid_40_103_smooth_X_plot_grouped_assays.png>
Package pdftex.def Info: ../figures/hematopoiesis/Erythroid_40_103_smooth_X_plot_grouped_assays.png  used on input line 204.
(pdftex.def)             Requested size: 172.5pt x 168.6176pt.
File: ../figures/hematopoiesis/Erythroid_40_103_smooth_X_plot_grouped_assays.png Graphic file (type png)
<use ../figures/hematopoiesis/Erythroid_40_103_smooth_X_plot_grouped_assays.png>
Package pdftex.def Info: ../figures/hematopoiesis/Erythroid_40_103_smooth_X_plot_grouped_assays.png  used on input line 210.
(pdftex.def)             Requested size: 172.5pt x 168.6176pt.
<../figures/hematopoiesis/early_groups_4_genes_panel.png, id=189, 1005.0348pt x 888.1983pt>
File: ../figures/hematopoiesis/early_groups_4_genes_panel.png Graphic file (type png)
<use ../figures/hematopoiesis/early_groups_4_genes_panel.png>
Package pdftex.def Info: ../figures/hematopoiesis/early_groups_4_genes_panel.png  used on input line 218.
(pdftex.def)             Requested size: 172.5pt x 152.44186pt.
 [13 <../figures/hematopoiesis/PC_pairwise_trajectory.png> <../figures/hematopoiesis/Erythroid_40_103_smooth_X_plot.png>] [14 <../figures/hematopoiesis/Erythroid_40_103_smooth_X_plot_grouped_assays.png>] [15 <../figures/hematopoiesis/early_groups_4_genes_panel.png>] (./supplementary.aux)
 ***********
LaTeX2e <2023-11-01> patch level 1
L3 programming layer <2024-03-14>
 ***********
Package rerunfilecheck Info: File `supplementary.out' has not changed.
(rerunfilecheck)             Checksum: DD4494B727551E2C0D97B09F354DD8EC;1846.
 ) 
Here is how much of TeX's memory you used:
 10973 strings out of 474104
 184675 string characters out of 5743473
 1936493 words of memory out of 5000000
 33189 multiletter control sequences out of 15000+600000
 560221 words of font info for 43 fonts, out of 8000000 for 9000
 1141 hyphenation exceptions out of 8191
 75i,10n,79p,386b,451s stack positions out of 10000i,1000n,20000p,200000b,200000s
</usr/local/texlive/2024/texmf-dist/fonts/type1/public/amsfonts/cm/cmbx10.pfb></usr/local/texlive/2024/texmf-dist/fonts/type1/public/amsfonts/cm/cmbx12.pfb></usr/local/texlive/2024/texmf-dist/fonts/type1/public/amsfonts/cm/cmr10.pfb></usr/local/texlive/2024/texmf-dist/fonts/type1/public/amsfonts/cm/cmr8.pfb></usr/local/texlive/2024/texmf-dist/fonts/type1/public/cm-super/sfrm1000.pfb>
Output written on supplementary.pdf (15 pages, 33854208 bytes).
PDF statistics:
 251 PDF objects out of 1000 (max. 8388607)
 176 compressed objects within 2 object streams
 56 named destinations out of 1000 (max. 500000)
 220 words of extra memory for PDF output out of 10000 (max. 10000000)

